<?xml version="1.0" encoding="UTF-8"?>
<!-- Generated by org.testng.reporters.JUnitReportReporter -->
<testsuite hostname="Sabban" failures="0" tests="1" name="Test.LoginPagetest" time="1.869" errors="0" timestamp="2022-03-31T10:57:07 IST" skipped="0">
  <testcase classname="Test.LoginPagetest" name="login" time="1.869"/>
  <system-out/>
</testsuite> <!-- Test.LoginPagetest -->
